Build started 5/13/2014 2:27:01 PM.
     1>Project "C:\Users\E15\Documents\ITC\Semestre 2\Estructuras de datos\Parcial 1\Tarea_3_MarioSergio\Project1\Project1\Project1.vcxproj" on node 2 (Build target(s)).
     1>C:\Program Files (x86)\MSBuild\Microsoft.Cpp\v4.0\V120\Microsoft.CppBuild.targets(381,5): warning MSB8028: The intermediate directory (Debug\) contains files shared from another project (Project1.vcxproj).  This can lead to incorrect clean and rebuild behavior.
     1>ClCompile:
         C:\Program Files (x86)\Microsoft Visual Studio 12.0\VC\bin\CL.exe /c /AI"C:\Program Files (x86)\Reference Assemblies\Microsoft\Framework\.NETFramework\v4.5\\" /AI"C:\Program Files (x86)\Windows Kits\8.1\References\CommonConfiguration\Neutral" /AI"C:\Program Files (x86)\Reference Assemblies\Microsoft\Framework\.NETFramework\v4.5\Facades\\" /Zi /clr /nologo /W3 /WX- /Od /Oy- /D WIN32 /D _DEBUG /D _UNICODE /D UNICODE /EHa /MDd /GS /fp:precise /Zc:wchar_t /Zc:forScope /Fo"Debug\\" /Fd"Debug\vc120.pdb" /TP /FU"C:\Program Files (x86)\Reference Assemblies\Microsoft\Framework\.NETFramework\v4.5\mscorlib.dll" /FU"C:\Program Files (x86)\Reference Assemblies\Microsoft\Framework\.NETFramework\v4.5\System.Data.dll" /FU"C:\Program Files (x86)\Reference Assemblies\Microsoft\Framework\.NETFramework\v4.5\System.dll" /FU"C:\Program Files (x86)\Reference Assemblies\Microsoft\Framework\.NETFramework\v4.5\System.Drawing.dll" /FU"C:\Program Files (x86)\Reference Assemblies\Microsoft\Framework\.NETFramework\v4.5\System.Windows.Forms.dll" /FU"C:\Program Files (x86)\Reference Assemblies\Microsoft\Framework\.NETFramework\v4.5\System.Xml.dll" /analyze- /errorReport:prompt /clr:nostdlib TAR3.cpp
         TAR3.cpp
     1>c:\users\e15\documents\itc\semestre 2\estructuras de datos\parcial 1\tarea_3_mariosergio\project1\project1\TAR3.h(335): warning C4018: '<' : signed/unsigned mismatch
     1>c:\users\e15\documents\itc\semestre 2\estructuras de datos\parcial 1\tarea_3_mariosergio\project1\project1\TAR3.h(420): warning C4018: '<' : signed/unsigned mismatch
     1>c:\users\e15\documents\itc\semestre 2\estructuras de datos\parcial 1\tarea_3_mariosergio\project1\project1\TAR3.h(502): warning C4018: '<' : signed/unsigned mismatch
     1>c:\users\e15\documents\itc\semestre 2\estructuras de datos\parcial 1\tarea_3_mariosergio\project1\project1\TAR3.h(584): warning C4018: '<' : signed/unsigned mismatch
     1>c:\users\e15\documents\itc\semestre 2\estructuras de datos\parcial 1\tarea_3_mariosergio\project1\project1\TAR3.h(665): warning C4018: '<' : signed/unsigned mismatch
     1>c:\users\e15\documents\itc\semestre 2\estructuras de datos\parcial 1\tarea_3_mariosergio\project1\project1\TAR3.h(746): warning C4018: '<' : signed/unsigned mismatch
     1>c:\users\e15\documents\itc\semestre 2\estructuras de datos\parcial 1\tarea_3_mariosergio\project1\project1\TAR3.h(827): warning C4018: '<' : signed/unsigned mismatch
     1>c:\users\e15\documents\itc\semestre 2\estructuras de datos\parcial 1\tarea_3_mariosergio\project1\project1\TAR3.h(908): warning C4018: '<' : signed/unsigned mismatch
     1>c:\users\e15\documents\itc\semestre 2\estructuras de datos\parcial 1\tarea_3_mariosergio\project1\project1\TAR3.h(989): warning C4018: '<' : signed/unsigned mismatch
     1>c:\users\e15\documents\itc\semestre 2\estructuras de datos\parcial 1\tarea_3_mariosergio\project1\project1\TAR3.h(1076): warning C4018: '<' : signed/unsigned mismatch
       Link:
         C:\Program Files (x86)\Microsoft Visual Studio 12.0\VC\bin\link.exe /ERRORREPORT:PROMPT /OUT:"C:\Users\E15\Documents\ITC\Semestre 2\Estructuras de datos\Parcial 1\Tarea_3_MarioSergio\Project1\Debug\TAR3.exe" /INCREMENTAL /NOLOGO /ASSEMBLYRESOURCE:Debug\Project1.TAR3.resources /MANIFEST /MANIFESTUAC:"level='asInvoker' uiAccess='false'" /manifest:embed /DEBUG /PDB:"C:\Users\E15\Documents\ITC\Semestre 2\Estructuras de datos\Parcial 1\Tarea_3_MarioSergio\Project1\Debug\TAR3.pdb" /ASSEMBLYDEBUG /SUBSYSTEM:WINDOWS /TLBID:1 /ENTRY:"main" /DYNAMICBASE /FIXED:NO /NXCOMPAT /MACHINE:X86 Debug\TAR3.obj
         "Debug\.NETFramework,Version=v4.5.AssemblyAttributes.obj"
         Project1.vcxproj -> C:\Users\E15\Documents\ITC\Semestre 2\Estructuras de datos\Parcial 1\Tarea_3_MarioSergio\Project1\Debug\TAR3.exe
     1>Done Building Project "C:\Users\E15\Documents\ITC\Semestre 2\Estructuras de datos\Parcial 1\Tarea_3_MarioSergio\Project1\Project1\Project1.vcxproj" (Build target(s)).

Build succeeded.

Time Elapsed 00:00:05.85
